 [2025-08-01 23:08:15] SQLSTATE[42S22]: Column not found: 1054 Unknown column 'company_cost' in 'field list' in C:\xampp\turny_project\app\Http\Controllers\PainelAdminEmpresaController.php on line 38
[2025-08-01 23:09:14] syntax error, unexpected token "-", expecting "{" in C:\xampp\turny_project\app\Http\Controllers\PainelAdminEmpresaController.php on line 3
[2025-08-02 00:06:35] syntax error, unexpected token ")" in C:\xampp\turny_project\app\Http\Controllers\PainelEmpresaController.php on line 256
[2025-08-02 00:06:45] syntax error, unexpected token ")" in C:\xampp\turny_project\app\Http\Controllers\PainelEmpresaController.php on line 256
[2025-08-02 00:12:49] syntax error, unexpected token "try", expecting "function" or "const" in C:\xampp\turny_project\app\Http\Controllers\PainelEmpresaController.php on line 317
[2025-08-02 00:25:48] syntax error, unexpected token "-", expecting "{" in C:\xampp\turny_project\app\Http\Controllers\SettingsController.php on line 3
[2025-08-02 12:20:06] SQLSTATE[23000]: Integrity constraint violation: 1452 Cannot add or update a child row: a foreign key constraint fails (`turny_db`.`shifts`, CONSTRAINT `fk_shifts_store_id` FOREIGN KEY (`store_id`) REFERENCES `stores` (`id`) ON DELETE CASCADE) in C:\xampp\turny_project\app\Http\Controllers\PainelEmpresaController.php on line 299
[2025-08-02 23:01:44] Unclosed '{' on line 19 in C:\xampp\turny_project\app\Http\Controllers\PainelEmpresaController.php on line 817
[2025-08-02 23:11:11] SQLSTATE[42S22]: Column not found: 1054 Unknown column 't.job_function_id' in 'on clause' in C:\xampp\turny_project\app\Http\Controllers\PainelEmpresaController.php on line 527
[2025-08-02 23:43:55] syntax error, unexpected token "\", expecting "]" in C:\xampp\turny_project\app\Http\Controllers\PainelEmpresaController.php on line 25
[2025-08-02 23:44:33] syntax error, unexpected identifier "truncated", expecting ")" in C:\xampp\turny_project\app\Http\Controllers\PainelEmpresaController.php on line 309
[2025-08-02 23:50:51] syntax error, unexpected identifier "no", expecting ")" in C:\xampp\turny_project\app\Http\Controllers\PainelEmpresaController.php on line 322
[2025-08-03 00:28:16] syntax error, unexpected token "\" in C:\xampp\turny_project\app\Http\Controllers\PainelEmpresaController.php on line 307
[2025-08-03 00:29:34] syntax error, unexpected token "\" in C:\xampp\turny_project\app\Http\Controllers\PainelEmpresaController.php on line 307
[2025-08-03 00:29:35] syntax error, unexpected token "\" in C:\xampp\turny_project\app\Http\Controllers\PainelEmpresaController.php on line 307
[2025-08-03 00:30:34] syntax error, unexpected token "\" in C:\xampp\turny_project\app\Http\Controllers\PainelEmpresaController.php on line 307
[2025-08-03 01:09:19] Unclosed '{' on line 19 in C:\xampp\turny_project\app\Http\Controllers\PainelEmpresaController.php on line 647
[2025-08-03 01:11:12] Unclosed '{' on line 19 in C:\xampp\turny_project\app\Http\Controllers\PainelEmpresaController.php on line 605
[2025-08-03 01:13:42] Unclosed '{' on line 19 in C:\xampp\turny_project\app\Http\Controllers\PainelEmpresaController.php on line 605
[2025-08-03 01:14:23] Unclosed '{' on line 19 in C:\xampp\turny_project\app\Http\Controllers\PainelEmpresaController.php on line 605
[2025-08-03 01:14:25] Unclosed '{' on line 19 in C:\xampp\turny_project\app\Http\Controllers\PainelEmpresaController.php on line 605
[2025-08-03 01:21:58] syntax error, unexpected token "`", expecting "function" or "const" in C:\xampp\turny_project\app\Http\Controllers\PainelEmpresaController.php on line 150
[2025-08-03 01:22:15] syntax error, unexpected token "`", expecting "function" or "const" in C:\xampp\turny_project\app\Http\Controllers\PainelEmpresaController.php on line 150
[2025-08-03 01:22:16] syntax error, unexpected token "`", expecting "function" or "const" in C:\xampp\turny_project\app\Http\Controllers\PainelEmpresaController.php on line 150
[2025-08-03 01:23:30] syntax error, unexpected identifier "Depois", expecting "function" or "const" in C:\xampp\turny_project\app\Http\Controllers\PainelEmpresaController.php on line 152
[2025-08-03 01:29:16] Unclosed '{' on line 19 in C:\xampp\turny_project\app\Http\Controllers\PainelEmpresaController.php on line 767
[2025-08-03 03:56:37] Unclosed '{' on line 19 in C:\xampp\turny_project\app\Http\Controllers\PainelEmpresaController.php on line 767
[2025-08-03 03:58:47] Unclosed '{' on line 19 in C:\xampp\turny_project\app\Http\Controllers\PainelEmpresaController.php on line 747
[2025-08-03 03:58:59] Unclosed '{' on line 656 in C:\xampp\turny_project\app\Http\Controllers\PainelEmpresaController.php on line 747
[2025-08-03 03:59:20] SQLSTATE[HY093]: Invalid parameter number: parameter was not defined in C:\xampp\turny_project\app\Http\Controllers\PainelEmpresaController.php on line 690
[2025-08-03 04:01:31] Unclosed '{' on line 19 in C:\xampp\turny_project\app\Http\Controllers\PainelEmpresaController.php on line 775
[2025-08-03 04:01:47] SQLSTATE[HY093]: Invalid parameter number: parameter was not defined in C:\xampp\turny_project\app\Http\Controllers\PainelEmpresaController.php on line 693
[2025-08-03 04:13:28] syntax error, unexpected token "<", expecting end of file in C:\xampp\turny_project\app\Http\Controllers\PainelEmpresaController.php on line 328
[2025-08-03 04:25:38] Call to undefined method App\Http\Controllers\PainelEmpresaController::showPlanner() in C:\xampp\turny_project\public\index.php on line 260
[2025-08-03 04:25:42] Call to undefined method App\Http\Controllers\PainelEmpresaController::showPlanner() in C:\xampp\turny_project\public\index.php on line 260
[2025-08-03 04:30:40] Unterminated comment starting line 652 in C:\xampp\turny_project\app\Http\Controllers\PainelEmpresaController.php on line 652
[2025-08-03 04:30:42] Unterminated comment starting line 652 in C:\xampp\turny_project\app\Http\Controllers\PainelEmpresaController.php on line 652
[2025-08-03 04:30:57] Unterminated comment starting line 652 in C:\xampp\turny_project\app\Http\Controllers\PainelEmpresaController.php on line 652
[2025-08-03 04:31:41] Unclosed '{' on line 19 in C:\xampp\turny_project\app\Http\Controllers\PainelEmpresaController.php on line 784
[2025-08-03 04:31:42] Unclosed '{' on line 19 in C:\xampp\turny_project\app\Http\Controllers\PainelEmpresaController.php on line 784
[2025-08-03 04:31:53] syntax error, unexpected token "public", expecting end of file in C:\xampp\turny_project\app\Http\Controllers\PainelEmpresaController.php on line 653
[2025-08-03 04:34:29] Call to undefined method App\Http\Controllers\PainelEmpresaController::getCompanyId() in C:\xampp\turny_project\app\Http\Controllers\PainelEmpresaController.php on line 663
[2025-08-03 04:37:41] Call to undefined method App\Http\Controllers\PainelEmpresaController::getCompanyId() in C:\xampp\turny_project\app\Http\Controllers\PainelEmpresaController.php on line 672
[2025-08-03 04:37:57] syntax error, unexpected token "public", expecting end of file in C:\xampp\turny_project\app\Http\Controllers\PainelEmpresaController.php on line 653
[2025-08-03 04:40:42] syntax error, unexpected token "class", expecting "function" or "const" in C:\xampp\turny_project\app\Http\Controllers\PainelEmpresaController.php on line 670
[2025-08-03 04:40:56] syntax error, unexpected token "class", expecting "function" or "const" in C:\xampp\turny_project\app\Http\Controllers\PainelEmpresaController.php on line 670
[2025-08-03 04:49:29] Unclosed '{' on line 19 in C:\xampp\turny_project\app\Http\Controllers\PainelEmpresaController.php on line 617
[2025-08-03 05:25:54] syntax error, unexpected token "public", expecting end of file in C:\xampp\turny_project\app\Http\Controllers\PainelOperadorController.php on line 246
[2025-08-03 05:35:17] SQLSTATE[23000]: Integrity constraint violation: 1048 Column 'shift_id' cannot be null in C:\xampp\turny_project\app\Http\Controllers\PainelOperadorController.php on line 335
[2025-08-03 22:38:14] syntax error, unexpected token "public", expecting end of file in C:\xampp\turny_project\app\Http\Controllers\PainelOperadorController.php on line 247
[2025-08-03 22:48:22] SQLSTATE[23000]: Integrity constraint violation: 1048 Column 'shift_id' cannot be null in C:\xampp\turny_project\app\Http\Controllers\PainelOperadorController.php on line 368
[2025-08-03 23:01:59] SQLSTATE[23000]: Integrity constraint violation: 1048 Column 'shift_id' cannot be null in C:\xampp\turny_project\app\Http\Controllers\PainelOperadorController.php on line 368
[2025-08-03 23:16:47] Operador não encontrado. in C:\xampp\turny_project\app\Http\Controllers\PainelOperadorController.php on line 347
[2025-08-03 23:25:04] SQLSTATE[23000]: Integrity constraint violation: 1048 Column 'shift_id' cannot be null in C:\xampp\turny_project\app\Http\Controllers\PainelOperadorController.php on line 380
[2025-08-03 23:26:23] SQLSTATE[23000]: Integrity constraint violation: 1048 Column 'shift_id' cannot be null in C:\xampp\turny_project\app\Http\Controllers\PainelOperadorController.php on line 380
[2025-08-03 23:44:13] SQLSTATE[23000]: Integrity constraint violation: 1048 Column 'shift_id' cannot be null in C:\xampp\turny_project\app\Http\Controllers\PainelOperadorController.php on line 380
[2025-08-03 23:49:33] SQLSTATE[23000]: Integrity constraint violation: 1048 Column 'shift_id' cannot be null in C:\xampp\turny_project\app\Http\Controllers\PainelOperadorController.php on line 358
